Using pre-set license
Built from '2020.3/staging' branch; Version is '2020.3.30f1 (1fb1bf06830e) revision 2077119'; Using compiler version '192528614'; Build Type 'Release'
OS: 'Windows 10  (10.0.19043) 64bit Professional' Language: 'en' Physical Memory: 8107 MB
BatchMode: 1, IsHumanControllingUs: 0, StartBugReporterOnCrash: 0, Is64bit: 1, IsPro: 0

COMMAND LINE ARGUMENTS:
C:\Program Files\Unity\Hub\Editor\2020.3.30f1\Editor\Unity.exe
-adb2
-batchMode
-noUpm
-name
AssetImportWorker0
-projectPath
C:/Users/Spider Net/OneDrive/Desktop/unity projects/unity/theDungeon/The_maza_game
-logFile
Logs/AssetImportWorker0.log
-srvPort
35326
Successfully changed project path to: C:/Users/Spider Net/OneDrive/Desktop/unity projects/unity/theDungeon/The_maza_game
C:/Users/Spider Net/OneDrive/Desktop/unity projects/unity/theDungeon/The_maza_game
Using Asset Import Pipeline V2.
Refreshing native plugins compatible for Editor in 143.55 ms, found 2 plugins.
Preloading 0 native plugins for Editor in 0.00 ms.
Initialize engine version: 2020.3.30f1 (1fb1bf06830e)
[Subsystems] Discovering subsystems at path C:/Program Files/Unity/Hub/Editor/2020.3.30f1/Editor/Data/Resources/UnitySubsystems
[Subsystems] Discovering subsystems at path C:/Users/Spider Net/OneDrive/Desktop/unity projects/unity/theDungeon/The_maza_game/Assets
GfxDevice: creating device client; threaded=0
Direct3D:
    Version:  Direct3D 11.0 [level 11.0]
    Renderer: NVIDIA GeForce MX130 (ID=0x174d)
    Vendor:   
    VRAM:     4055 MB
    Driver:   30.0.15.1278
Initialize mono
Mono path[0] = 'C:/Program Files/Unity/Hub/Editor/2020.3.30f1/Editor/Data/Managed'
Mono path[1] = 'C:/Program Files/Unity/Hub/Editor/2020.3.30f1/Editor/Data/MonoBleedingEdge/lib/mono/unityjit'
Mono config path = 'C:/Program Files/Unity/Hub/Editor/2020.3.30f1/Editor/Data/MonoBleedingEdge/etc'
Using monoOptions --debugger-agent=transport=dt_socket,embedding=1,server=y,suspend=n,address=127.0.0.1:56764
Begin MonoManager ReloadAssembly
Registering precompiled unity dll's ...
Register platform support module: C:/Program Files/Unity/Hub/Editor/2020.3.30f1/Editor/Data/PlaybackEngines/WindowsStandaloneSupport/UnityEditor.WindowsStandalone.Extensions.dll
Registered in 0.003687 seconds.
Native extension for WindowsStandalone target not found
Refreshing native plugins compatible for Editor in 85.32 ms, found 2 plugins.
Preloading 0 native plugins for Editor in 0.00 ms.
Mono: successfully reloaded assembly
- Completed reload, in  1.173 seconds
Domain Reload Profiling:
	ReloadAssembly (1174ms)
		BeginReloadAssembly (211ms)
			ExecutionOrderSort (0ms)
			DisableScriptedObjects (0ms)
			BackupInstance (0ms)
			ReleaseScriptingObjects (0ms)
			CreateAndSetChildDomain (1ms)
		EndReloadAssembly (835ms)
			LoadAssemblies (208ms)
			RebuildTransferFunctionScriptingTraits (0ms)
			SetupTypeCache (321ms)
			ReleaseScriptCaches (0ms)
			RebuildScriptCaches (50ms)
			SetupLoadedEditorAssemblies (307ms)
				LogAssemblyErrors (0ms)
				InitializePlatformSupportModulesInManaged (5ms)
				SetLoadedEditorAssemblies (0ms)
				RefreshPlugins (85ms)
				BeforeProcessingInitializeOnLoad (22ms)
				ProcessInitializeOnLoadAttributes (144ms)
				ProcessInitializeOnLoadMethodAttributes (50ms)
				AfterProcessingInitializeOnLoad (0ms)
				EditorAssembliesLoaded (0ms)
			ExecutionOrderSort2 (0ms)
			AwakeInstancesAfterBackupRestoration (0ms)
Platform modules already initialized, skipping
Registering precompiled user dll's ...
Registered in 0.006713 seconds.
Begin MonoManager ReloadAssembly
Native extension for WindowsStandalone target not found
Refreshing native plugins compatible for Editor in 1.18 ms, found 2 plugins.
Preloading 0 native plugins for Editor in 0.00 ms.
Mono: successfully reloaded assembly
- Completed reload, in  2.372 seconds
Domain Reload Profiling:
	ReloadAssembly (2373ms)
		BeginReloadAssembly (551ms)
			ExecutionOrderSort (0ms)
			DisableScriptedObjects (8ms)
			BackupInstance (0ms)
			ReleaseScriptingObjects (0ms)
			CreateAndSetChildDomain (59ms)
		EndReloadAssembly (1709ms)
			LoadAssemblies (309ms)
			RebuildTransferFunctionScriptingTraits (0ms)
			SetupTypeCache (629ms)
			ReleaseScriptCaches (1ms)
			RebuildScriptCaches (84ms)
			SetupLoadedEditorAssemblies (675ms)
				LogAssemblyErrors (0ms)
				InitializePlatformSupportModulesInManaged (8ms)
				SetLoadedEditorAssemblies (1ms)
				RefreshPlugins (1ms)
				BeforeProcessingInitializeOnLoad (171ms)
				ProcessInitializeOnLoadAttributes (392ms)
				ProcessInitializeOnLoadMethodAttributes (89ms)
				AfterProcessingInitializeOnLoad (12ms)
				EditorAssembliesLoaded (0ms)
			ExecutionOrderSort2 (0ms)
			AwakeInstancesAfterBackupRestoration (10ms)
Platform modules already initialized, skipping
========================================================================
Worker process is ready to serve import requests
Launched and connected shader compiler UnityShaderCompiler.exe after 0.08 seconds
Refreshing native plugins compatible for Editor in 1.32 ms, found 2 plugins.
Preloading 0 native plugins for Editor in 0.00 ms.
Unloading 2132 Unused Serialized files (Serialized files now loaded: 0)
System memory in use before: 85.7 MB.
System memory in use after: 85.8 MB.

Unloading 55 unused Assets to reduce memory usage. Loaded Objects now: 2539.
Total: 11.583200 ms (FindLiveObjects: 0.324100 ms CreateObjectMapping: 0.202600 ms MarkObjects: 10.950400 ms  DeleteObjects: 0.104300 ms)

AssetImportParameters requested are different than current active one (requested -> active):
  custom:framework-win-MediaFoundation: 216162199b28c13a410421893ffa2e32 -> 
  custom:video-decoder-ogg-theora: a1e56fd34408186e4bbccfd4996cb3dc -> 
  custom:container-muxer-webm: aa71ff27fc2769a1b78a27578f13a17b -> 
  custom:container-demuxer-webm: 4f35f7cbe854078d1ac9338744f61a02 -> 
  custom:container-demuxer-ogg: 62fdf1f143b41e24485cea50d1cbac27 -> 
  custom:video-encoder-webm-vp8: eb34c28f22e8b96e1ab97ce403110664 -> 
  custom:video-decoder-webm-vp8: 9c59270c3fd7afecdb556c50c9e8de78 -> 
  custom:audio-decoder-ogg-vorbis: bf7c407c2cedff20999df2af8eb42d56 -> 
  custom:audio-encoder-webm-vorbis: bf7c407c2cedff20999df2af8eb42d56 -> 
========================================================================
Received Import Request.
  path: Assets/Scenes/SampleScene.unity
  artifactKey: Guid(8e07555200cc15b4986be989c4b9e501) Importer(815301076,1909f56bfc062723c751e8b465ee728b)
Start importing Assets/Scenes/SampleScene.unity using Guid(8e07555200cc15b4986be989c4b9e501) Importer(815301076,1909f56bfc062723c751e8b465ee728b)  -> (artifact id: '89a42b61c6673d92aea355ebe8d4e136') in 0.032641 seconds 
========================================================================
Received Import Request.
  Time since last request: 28.581948 seconds.
  path: Assets/credits.unity
  artifactKey: Guid(b25b0690dc7112140af9545139f9e2f3) Importer(815301076,1909f56bfc062723c751e8b465ee728b)
Start importing Assets/credits.unity using Guid(b25b0690dc7112140af9545139f9e2f3) Importer(815301076,1909f56bfc062723c751e8b465ee728b)  -> (artifact id: '26e721645cb7631c28fb7cdbf0ee547d') in 0.008797 seconds 
========================================================================
Received Import Request.
  Time since last request: 146.900607 seconds.
  path: Assets/ColorC.cs
  artifactKey: Guid(dab3b60e807e97548a8edec5f929f2b2) Importer(815301076,1909f56bfc062723c751e8b465ee728b)
Start importing Assets/ColorC.cs using Guid(dab3b60e807e97548a8edec5f929f2b2) Importer(815301076,1909f56bfc062723c751e8b465ee728b)  -> (artifact id: '1c87b4cdfbfca44ac7f24222ee21a552') in 0.043700 seconds 
========================================================================
Received Import Request.
  Time since last request: 0.060198 seconds.
  path: Assets/keycon.cs
  artifactKey: Guid(9d2b34ddfe1823d4786d5e286972de46) Importer(815301076,1909f56bfc062723c751e8b465ee728b)
Start importing Assets/keycon.cs using Guid(9d2b34ddfe1823d4786d5e286972de46) Importer(815301076,1909f56bfc062723c751e8b465ee728b)  -> (artifact id: '6399da1f4cf1c69e9af7c79d0b8bbf16') in 0.006474 seconds 
========================================================================
Received Import Request.
  Time since last request: 0.012342 seconds.
  path: Assets/Resources/BillingMode.json
  artifactKey: Guid(8622048b76563314191a4600be31ae4a) Importer(815301076,1909f56bfc062723c751e8b465ee728b)
Start importing Assets/Resources/BillingMode.json using Guid(8622048b76563314191a4600be31ae4a) Importer(815301076,1909f56bfc062723c751e8b465ee728b)  -> (artifact id: '500e5f4fd6575cb7386b43c2359112b8') in 0.022950 seconds 
========================================================================
Received Import Request.
  Time since last request: 0.006305 seconds.
  path: Assets/Scenes/SampleScene.unity
  artifactKey: Guid(8e07555200cc15b4986be989c4b9e501) Importer(815301076,1909f56bfc062723c751e8b465ee728b)
Start importing Assets/Scenes/SampleScene.unity using Guid(8e07555200cc15b4986be989c4b9e501) Importer(815301076,1909f56bfc062723c751e8b465ee728b)  -> (artifact id: 'a6fa76b79834121c9c9ede759697fc5d') in 0.002623 seconds 
========================================================================
Received Import Request.
  Time since last request: 0.018126 seconds.
  path: Assets/Scenes
  artifactKey: Guid(278d85780cd1a4c46867c28c5d5b2fb2) Importer(815301076,1909f56bfc062723c751e8b465ee728b)
Start importing Assets/Scenes using Guid(278d85780cd1a4c46867c28c5d5b2fb2) Importer(815301076,1909f56bfc062723c751e8b465ee728b)  -> (artifact id: '2ed3d3558dddb90c0d4ac215b2ed7acc') in 0.006424 seconds 
========================================================================
Received Import Request.
  Time since last request: 0.006851 seconds.
  path: Assets/SceneChanger.cs
  artifactKey: Guid(18f92316a482e564c994df728076e85a) Importer(815301076,1909f56bfc062723c751e8b465ee728b)
Start importing Assets/SceneChanger.cs using Guid(18f92316a482e564c994df728076e85a) Importer(815301076,1909f56bfc062723c751e8b465ee728b)  -> (artifact id: 'dd3356e997e380d981a1c9da589168a5') in 0.006452 seconds 
========================================================================
Received Import Request.
  Time since last request: 0.006704 seconds.
  path: Assets/Demo.unity
  artifactKey: Guid(9a1c0827c2b90c94fbf369759401c8f5) Importer(815301076,1909f56bfc062723c751e8b465ee728b)
Start importing Assets/Demo.unity using Guid(9a1c0827c2b90c94fbf369759401c8f5) Importer(815301076,1909f56bfc062723c751e8b465ee728b)  -> (artifact id: 'e73ffaac360f39f0d4847adf09cc4265') in 0.006738 seconds 
========================================================================
Received Import Request.
  Time since last request: 0.032471 seconds.
  path: Assets/creditsSettings.lighting
  artifactKey: Guid(90b8f3a85637ff84587200040cb3c86e) Importer(815301076,1909f56bfc062723c751e8b465ee728b)
Start importing Assets/creditsSettings.lighting using Guid(90b8f3a85637ff84587200040cb3c86e) Importer(815301076,1909f56bfc062723c751e8b465ee728b)  -> (artifact id: 'dbd22d25dc073bd2259682b4a889e2c7') in 0.009533 seconds 
========================================================================
Received Import Request.
  Time since last request: 0.039445 seconds.
  path: Assets/credits.unity
  artifactKey: Guid(b25b0690dc7112140af9545139f9e2f3) Importer(815301076,1909f56bfc062723c751e8b465ee728b)
Start importing Assets/credits.unity using Guid(b25b0690dc7112140af9545139f9e2f3) Importer(815301076,1909f56bfc062723c751e8b465ee728b)  -> (artifact id: '3d041f7fb9f8c7c96054b85302d8a83c') in 0.002957 seconds 
========================================================================
Received Import Request.
  Time since last request: 0.007993 seconds.
  path: Assets/moveplayer.cs
  artifactKey: Guid(509f5058b30b4a145ad34cd3dc87c220) Importer(815301076,1909f56bfc062723c751e8b465ee728b)
Start importing Assets/moveplayer.cs using Guid(509f5058b30b4a145ad34cd3dc87c220) Importer(815301076,1909f56bfc062723c751e8b465ee728b)  -> (artifact id: '92d5554e0e68c445f2a44d2e29f126c6') in 0.006698 seconds 
========================================================================
Received Import Request.
  Time since last request: 0.046418 seconds.
  path: Assets/Resources
  artifactKey: Guid(9afcb49ed0ed4434281a55594cfae779) Importer(815301076,1909f56bfc062723c751e8b465ee728b)
Start importing Assets/Resources using Guid(9afcb49ed0ed4434281a55594cfae779) Importer(815301076,1909f56bfc062723c751e8b465ee728b)  -> (artifact id: '10223a6718382b83e5796e97fecb483f') in 0.006274 seconds 
========================================================================
Received Import Request.
  Time since last request: 0.007168 seconds.
  path: Assets/Scenes/SampleSceneSettings.lighting
  artifactKey: Guid(ab0fd6e4f87f9af4c902e788d6fdedf4) Importer(815301076,1909f56bfc062723c751e8b465ee728b)
Start importing Assets/Scenes/SampleSceneSettings.lighting using Guid(ab0fd6e4f87f9af4c902e788d6fdedf4) Importer(815301076,1909f56bfc062723c751e8b465ee728b) LightingSettings: switching bake backend from 1 to 0.
 -> (artifact id: 'fe17ee9d1bd9504d402b03fd34e17b6b') in 0.007029 seconds 
========================================================================
Received Import Request.
  Time since last request: 0.006826 seconds.
  path: Assets/Delay.cs
  artifactKey: Guid(888601bd8fe16c04496aa9dd614ac2e5) Importer(815301076,1909f56bfc062723c751e8b465ee728b)
Start importing Assets/Delay.cs using Guid(888601bd8fe16c04496aa9dd614ac2e5) Importer(815301076,1909f56bfc062723c751e8b465ee728b)  -> (artifact id: '19fa72ab762b3a3e6b78ab594f8a26a0') in 0.006428 seconds 
AssetImportWorkerClient::OnTransportError - code=2 error=End of file
